<?xml version="1.0" encoding="UTF-8"?>
<!-- Generated by org.testng.reporters.JUnitReportReporter -->
<testsuite hostname="DESKTOP-C1JV1TH" failures="0" tests="1" name="com.citi.bank.testcases.CreditCardNegative" time="20.918" errors="0" timestamp="2021-02-16T16:57:00 EST" skipped="0">
  <testcase classname="com.citi.bank.testcases.CreditCardNegative" name="creditCardNegative" time="20.918"/>
  <system-out/>
</testsuite> <!-- com.citi.bank.testcases.CreditCardNegative -->
