<?xml version="1.0" encoding="UTF-8"?>
<!-- Generated by org.testng.reporters.JUnitReportReporter -->
<testsuite hostname="DESKTOP-C1JV1TH" failures="0" tests="1" name="com.citi.bank.testcases.CreditCardTest" time="23.972" errors="0" timestamp="2021-02-16T16:57:00 EST" skipped="0">
  <testcase classname="com.citi.bank.testcases.CreditCardTest" name="creditCardTest" time="23.972"/>
  <system-out/>
</testsuite> <!-- com.citi.bank.testcases.CreditCardTest -->
