<?xml version="1.0" encoding="UTF-8"?>
<!-- Generated by org.testng.reporters.JUnitReportReporter -->
<testsuite skipped="0" hostname="DESKTOP-C1JV1TH" name="com.citi.bank.testcases.Rough" tests="1" failures="0" timestamp="2021-02-16T13:22:09 EST" time="12.776" errors="0">
  <testcase name="citipagetest" time="12.776" classname="com.citi.bank.testcases.Rough"/>
  <system-out/>
</testsuite> <!-- com.citi.bank.testcases.Rough -->
