<?xml version="1.0" encoding="UTF-8"?>
<!-- Generated by org.testng.reporters.JUnitReportReporter -->
<testsuite hostname="DESKTOP-C1JV1TH" failures="0" tests="2" name="com.citi.bank.testcases.LoginTest" time="29.591" errors="0" timestamp="2021-02-16T16:57:00 EST" skipped="0">
  <testcase classname="com.citi.bank.testcases.LoginTest" name="loginTest" time="12.865"/>
  <system-out/>
  <testcase classname="com.citi.bank.testcases.LoginTest" name="loginTest" time="16.726"/>
  <system-out/>
</testsuite> <!-- com.citi.bank.testcases.LoginTest -->
